<?xml version="1.0" encoding="UTF-8"?>
<testsuite name="com.ait.phonebook.tests.RemoveContactTests" tests="1" skipped="0" failures="0" errors="0" timestamp="2023-11-29T10:04:38" hostname="DESKTOP-OS617JJ" time="1.938">
  <properties/>
  <testcase name="removeContactPositiveTest" classname="com.ait.phonebook.tests.RemoveContactTests" time="1.938"/>
  <system-out><![CDATA[]]></system-out>
  <system-err><![CDATA[]]></system-err>
</testsuite>
